This file contains any messages produced by compilers while
running configure, to aid debugging if configure makes a mistake.

It was created by stdf_db configure 1.0, which was
generated by GNU Autoconf 2.72.  Invocation command line was

  $ ./configure

## --------- ##
## Platform. ##
## --------- ##

hostname = suraj-sispara
uname -m = x86_64
uname -r = 6.14.0-37-generic
uname -s = Linux
uname -v = #37-Ubuntu SMP PREEMPT_DYNAMIC Fri Nov 14 22:10:32 UTC 2025

/usr/bin/uname -p = x86_64
/bin/uname -X     = unknown

/bin/arch              = x86_64
/usr/bin/arch -k       = unknown
/usr/convex/getsysinfo = unknown
/usr/bin/hostinfo      = unknown
/bin/machine           = unknown
/usr/bin/oslevel       = unknown
/bin/universe          = unknown

PATH: /usr/local/sbin/
PATH: /usr/local/bin/
PATH: /usr/sbin/
PATH: /usr/bin/
PATH: /sbin/
PATH: /bin/
PATH: /usr/games/
PATH: /usr/local/games/
PATH: /snap/bin/


## ----------- ##
## Core tests. ##
## ----------- ##

configure:2425: looking for aux files: compile missing install-sh
configure:2438:  trying ./
configure:2467:   ./compile found
configure:2467:   ./missing found
configure:2449:   ./install-sh found
configure:2597: checking for a BSD-compatible install
configure:2671: result: /usr/bin/install -c
configure:2682: checking whether sleep supports fractional seconds
configure:2698: result: yes
configure:2701: checking filesystem timestamp resolution
configure:2836: result: 0.01
configure:2841: checking whether build environment is sane
configure:2882: result: yes
configure:3053: checking for a race-free mkdir -p
configure:3096: result: /usr/bin/mkdir -p
configure:3103: checking for gawk
configure:3124: found /usr/bin/gawk
configure:3136: result: gawk
configure:3147: checking whether make sets $(MAKE)
configure:3171: result: yes
configure:3197: checking whether make supports nested variables
configure:3216: result: yes
configure:3230: checking xargs -n works
configure:3246: result: yes
configure:3414: checking for g++
configure:3435: found /usr/bin/g++
configure:3447: result: g++
configure:3474: checking for C++ compiler version
configure:3483: g++ --version >&5
g++ (Ubuntu 14.2.0-19ubuntu2) 14.2.0
Copyright (C) 2024 Free Software Foundation, Inc.
This is free software; see the source for copying conditions.  There is NO
warranty; not even for MERCHANTABILITY or FITNESS FOR A PARTICULAR PURPOSE.

configure:3494: $? = 0
configure:3483: g++ -v >&5
Using built-in specs.
COLLECT_GCC=g++
COLLECT_LTO_WRAPPER=/usr/libexec/gcc/x86_64-linux-gnu/14/lto-wrapper
OFFLOAD_TARGET_NAMES=nvptx-none:amdgcn-amdhsa
OFFLOAD_TARGET_DEFAULT=1
Target: x86_64-linux-gnu
Configured with: ../src/configure -v --with-pkgversion='Ubuntu 14.2.0-19ubuntu2' --with-bugurl=file:///usr/share/doc/gcc-14/README.Bugs --enable-languages=c,ada,c++,go,d,fortran,objc,obj-c++,m2,rust --prefix=/usr --with-gcc-major-version-only --program-suffix=-14 --program-prefix=x86_64-linux-gnu- --enable-shared --enable-linker-build-id --libexecdir=/usr/libexec --without-included-gettext --enable-threads=posix --libdir=/usr/lib --enable-nls --enable-bootstrap --enable-clocale=gnu --enable-libstdcxx-debug --enable-libstdcxx-time=yes --with-default-libstdcxx-abi=new --enable-libstdcxx-backtrace --enable-gnu-unique-object --disable-vtable-verify --enable-plugin --enable-default-pie --with-system-zlib --enable-libphobos-checking=release --with-target-system-zlib=auto --enable-objc-gc=auto --enable-multiarch --disable-werror --enable-cet --with-arch-32=i686 --with-abi=m64 --with-multilib-list=m32,m64,mx32 --enable-multilib --with-tune=generic --enable-offload-targets=nvptx-none=/build/gcc-14-C86vgL/gcc-14-14.2.0/debian/tmp-nvptx/usr,amdgcn-amdhsa=/build/gcc-14-C86vgL/gcc-14-14.2.0/debian/tmp-gcn/usr --enable-offload-defaulted --without-cuda-driver --enable-checking=release --build=x86_64-linux-gnu --host=x86_64-linux-gnu --target=x86_64-linux-gnu --with-build-config=bootstrap-lto-lean --enable-link-serialization=2
Thread model: posix
Supported LTO compression algorithms: zlib zstd
gcc version 14.2.0 (Ubuntu 14.2.0-19ubuntu2) 
... rest of stderr output deleted ...
configure:3494: $? = 0
configure:3483: g++ -V >&5
g++: error: unrecognized command-line option '-V'
g++: fatal error: no input files
compilation terminated.
configure:3494: $? = 1
configure:3483: g++ -qversion >&5
g++: error: unrecognized command-line option '-qversion'; did you mean '--version'?
g++: fatal error: no input files
compilation terminated.
configure:3494: $? = 1
configure:3514: checking whether the C++ compiler works
configure:3536: g++    conftest.cpp  >&5
configure:3540: $? = 0
configure:3591: result: yes
configure:3595: checking for C++ compiler default output file name
configure:3597: result: a.out
configure:3603: checking for suffix of executables
configure:3610: g++ -o conftest    conftest.cpp  >&5
configure:3614: $? = 0
configure:3638: result: 
configure:3662: checking whether we are cross compiling
configure:3670: g++ -o conftest    conftest.cpp  >&5
configure:3674: $? = 0
configure:3681: ./conftest
configure:3685: $? = 0
configure:3700: result: no
configure:3706: checking for suffix of object files
configure:3729: g++ -c   conftest.cpp >&5
configure:3733: $? = 0
configure:3757: result: o
configure:3761: checking whether the compiler supports GNU C++
configure:3781: g++ -c   conftest.cpp >&5
configure:3781: $? = 0
configure:3793: result: yes
configure:3804: checking whether g++ accepts -g
configure:3825: g++ -c -g  conftest.cpp >&5
configure:3825: $? = 0
configure:3872: result: yes
configure:3892: checking for g++ option to enable C++11 features
configure:3907: g++  -c -g -O2  conftest.cpp >&5
conftest.cpp: In function 'int main(int, char**)':
conftest.cpp:177:25: warning: empty parentheses were disambiguated as a function declaration [-Wvexing-parse]
  177 |   cxx11test::delegate d2();
      |                         ^~
conftest.cpp:177:25: note: remove parentheses to default-initialize a variable
  177 |   cxx11test::delegate d2();
      |                         ^~
      |                         --
conftest.cpp:177:25: note: or replace parentheses with braces to value-initialize a variable
configure:3907: $? = 0
configure:3926: result: none needed
configure:3998: checking whether make supports the include directive
configure:4013: make -f confmf.GNU && cat confinc.out
this is the am__doit target
configure:4016: $? = 0
configure:4035: result: yes (GNU style)
configure:4061: checking dependency style of g++
configure:4174: result: gcc3
configure:4256: checking for gcc
configure:4277: found /usr/bin/gcc
configure:4289: result: gcc
configure:4648: checking for C compiler version
configure:4657: gcc --version >&5
gcc (Ubuntu 14.2.0-19ubuntu2) 14.2.0
Copyright (C) 2024 Free Software Foundation, Inc.
This is free software; see the source for copying conditions.  There is NO
warranty; not even for MERCHANTABILITY or FITNESS FOR A PARTICULAR PURPOSE.

configure:4668: $? = 0
configure:4657: gcc -v >&5
Using built-in specs.
COLLECT_GCC=gcc
COLLECT_LTO_WRAPPER=/usr/libexec/gcc/x86_64-linux-gnu/14/lto-wrapper
OFFLOAD_TARGET_NAMES=nvptx-none:amdgcn-amdhsa
OFFLOAD_TARGET_DEFAULT=1
Target: x86_64-linux-gnu
Configured with: ../src/configure -v --with-pkgversion='Ubuntu 14.2.0-19ubuntu2' --with-bugurl=file:///usr/share/doc/gcc-14/README.Bugs --enable-languages=c,ada,c++,go,d,fortran,objc,obj-c++,m2,rust --prefix=/usr --with-gcc-major-version-only --program-suffix=-14 --program-prefix=x86_64-linux-gnu- --enable-shared --enable-linker-build-id --libexecdir=/usr/libexec --without-included-gettext --enable-threads=posix --libdir=/usr/lib --enable-nls --enable-bootstrap --enable-clocale=gnu --enable-libstdcxx-debug --enable-libstdcxx-time=yes --with-default-libstdcxx-abi=new --enable-libstdcxx-backtrace --enable-gnu-unique-object --disable-vtable-verify --enable-plugin --enable-default-pie --with-system-zlib --enable-libphobos-checking=release --with-target-system-zlib=auto --enable-objc-gc=auto --enable-multiarch --disable-werror --enable-cet --with-arch-32=i686 --with-abi=m64 --with-multilib-list=m32,m64,mx32 --enable-multilib --with-tune=generic --enable-offload-targets=nvptx-none=/build/gcc-14-C86vgL/gcc-14-14.2.0/debian/tmp-nvptx/usr,amdgcn-amdhsa=/build/gcc-14-C86vgL/gcc-14-14.2.0/debian/tmp-gcn/usr --enable-offload-defaulted --without-cuda-driver --enable-checking=release --build=x86_64-linux-gnu --host=x86_64-linux-gnu --target=x86_64-linux-gnu --with-build-config=bootstrap-lto-lean --enable-link-serialization=2
Thread model: posix
Supported LTO compression algorithms: zlib zstd
gcc version 14.2.0 (Ubuntu 14.2.0-19ubuntu2) 
... rest of stderr output deleted ...
configure:4668: $? = 0
configure:4657: gcc -V >&5
gcc: error: unrecognized command-line option '-V'
gcc: fatal error: no input files
compilation terminated.
configure:4668: $? = 1
configure:4657: gcc -qversion >&5
gcc: error: unrecognized command-line option '-qversion'; did you mean '--version'?
gcc: fatal error: no input files
compilation terminated.
configure:4668: $? = 1
configure:4657: gcc -version >&5
gcc: error: unrecognized command-line option '-version'
gcc: fatal error: no input files
compilation terminated.
configure:4668: $? = 1
configure:4672: checking whether the compiler supports GNU C
configure:4692: gcc -c   conftest.c >&5
configure:4692: $? = 0
configure:4704: result: yes
configure:4715: checking whether gcc accepts -g
configure:4736: gcc -c -g  conftest.c >&5
configure:4736: $? = 0
configure:4783: result: yes
configure:4803: checking for gcc option to enable C11 features
configure:4818: gcc  -c -g -O2  conftest.c >&5
configure:4818: $? = 0
configure:4837: result: none needed
configure:4961: checking whether gcc understands -c and -o together
configure:4984: gcc -c conftest.c -o conftest2.o
configure:4987: $? = 0
configure:4984: gcc -c conftest.c -o conftest2.o
configure:4987: $? = 0
configure:5000: result: yes
configure:5019: checking dependency style of gcc
configure:5132: result: gcc3
configure:5148: checking for main in -lmysqlcppconn
configure:5168: gcc -o conftest -g -O2   conftest.c -lmysqlcppconn   >&5
configure:5168: $? = 0
configure:5180: result: yes
configure:5193: checking for main in -lstdf
configure:5213: gcc -o conftest -g -O2   conftest.c -lstdf  -lmysqlcppconn  >&5
configure:5213: $? = 0
configure:5225: result: yes
configure:5238: checking for main in -lconfig++
configure:5258: gcc -o conftest -g -O2   conftest.c -lconfig++  -lstdf -lmysqlcppconn  >&5
configure:5258: $? = 0
configure:5270: result: yes
configure:5283: checking for main in -lcrypto
configure:5303: gcc -o conftest -g -O2   conftest.c -lcrypto  -lconfig++ -lstdf -lmysqlcppconn  >&5
configure:5303: $? = 0
configure:5315: result: yes
configure:5328: checking for main in -lpthread
configure:5348: gcc -o conftest -g -O2   conftest.c -lpthread  -lcrypto -lconfig++ -lstdf -lmysqlcppconn  >&5
configure:5348: $? = 0
configure:5360: result: yes
configure:5474: checking that generated files are newer than configure
configure:5480: result: done
configure:5519: creating ./config.status

## ---------------------- ##
## Running config.status. ##
## ---------------------- ##

This file was extended by stdf_db config.status 1.0, which was
generated by GNU Autoconf 2.72.  Invocation command line was

  CONFIG_FILES    = 
  CONFIG_HEADERS  = 
  CONFIG_LINKS    = 
  CONFIG_COMMANDS = 
  $ ./config.status 

on suraj-sispara

config.status:853: creating Makefile
config.status:853: creating src/Makefile
config.status:853: creating config.h
config.status:1034: config.h is unchanged
config.status:1082: executing depfiles commands
config.status:1159: cd src       && sed -e '/# am--include-marker/d' Makefile         | make -f - am--depfiles
make: Nothing to be done for 'am--depfiles'.
config.status:1164: $? = 0

## ---------------- ##
## Cache variables. ##
## ---------------- ##

ac_cv_c_compiler_gnu=yes
ac_cv_cxx_compiler_gnu=yes
ac_cv_env_CCC_set=
ac_cv_env_CCC_value=
ac_cv_env_CC_set=
ac_cv_env_CC_value=
ac_cv_env_CFLAGS_set=
ac_cv_env_CFLAGS_value=
ac_cv_env_CPPFLAGS_set=
ac_cv_env_CPPFLAGS_value=
ac_cv_env_CXXFLAGS_set=
ac_cv_env_CXXFLAGS_value=
ac_cv_env_CXX_set=
ac_cv_env_CXX_value=
ac_cv_env_LDFLAGS_set=
ac_cv_env_LDFLAGS_value=
ac_cv_env_LIBS_set=
ac_cv_env_LIBS_value=
ac_cv_env_build_alias_set=
ac_cv_env_build_alias_value=
ac_cv_env_host_alias_set=
ac_cv_env_host_alias_value=
ac_cv_env_target_alias_set=
ac_cv_env_target_alias_value=
ac_cv_lib_configpp_main=yes
ac_cv_lib_crypto_main=yes
ac_cv_lib_mysqlcppconn_main=yes
ac_cv_lib_pthread_main=yes
ac_cv_lib_stdf_main=yes
ac_cv_objext=o
ac_cv_path_install='/usr/bin/install -c'
ac_cv_path_mkdir=/usr/bin/mkdir
ac_cv_prog_AWK=gawk
ac_cv_prog_ac_ct_CC=gcc
ac_cv_prog_ac_ct_CXX=g++
ac_cv_prog_cc_c11=
ac_cv_prog_cc_g=yes
ac_cv_prog_cc_stdc=
ac_cv_prog_cxx_cxx11=
ac_cv_prog_cxx_g=yes
ac_cv_prog_cxx_stdcxx=
ac_cv_prog_make_make_set=yes
am_cv_CC_dependencies_compiler_type=gcc3
am_cv_CXX_dependencies_compiler_type=gcc3
am_cv_filesystem_timestamp_resolution=0.01
am_cv_make_support_nested_variables=yes
am_cv_prog_cc_c_o=yes
am_cv_sleep_fractional_seconds=yes
am_cv_xargs_n_works=yes

## ----------------- ##
## Output variables. ##
## ----------------- ##

ACLOCAL='${SHELL} '\''/home/suraj/stdf_db/missing'\'' aclocal-1.17'
AMDEPBACKSLASH='\'
AMDEP_FALSE='#'
AMDEP_TRUE=''
AMTAR='$${TAR-tar}'
AM_BACKSLASH='\'
AM_DEFAULT_V='$(AM_DEFAULT_VERBOSITY)'
AM_DEFAULT_VERBOSITY='1'
AM_V='$(V)'
AUTOCONF='${SHELL} '\''/home/suraj/stdf_db/missing'\'' autoconf'
AUTOHEADER='${SHELL} '\''/home/suraj/stdf_db/missing'\'' autoheader'
AUTOMAKE='${SHELL} '\''/home/suraj/stdf_db/missing'\'' automake-1.17'
AWK='gawk'
CC='gcc'
CCDEPMODE='depmode=gcc3'
CFLAGS='-g -O2'
CPPFLAGS=''
CSCOPE='cscope'
CTAGS='ctags'
CXX='g++'
CXXDEPMODE='depmode=gcc3'
CXXFLAGS='-g -O2'
CYGPATH_W='echo'
DEFS='-DHAVE_CONFIG_H'
DEPDIR='.deps'
ECHO_C=''
ECHO_N='-n'
ECHO_T=''
ETAGS='etags'
EXEEXT=''
INSTALL_DATA='${INSTALL} -m 644'
INSTALL_PROGRAM='${INSTALL}'
INSTALL_SCRIPT='${INSTALL}'
INSTALL_STRIP_PROGRAM='$(install_sh) -c -s'
LDFLAGS=''
LIBOBJS=''
LIBS='-lpthread -lcrypto -lconfig++ -lstdf -lmysqlcppconn '
LTLIBOBJS=''
MAKEINFO='${SHELL} '\''/home/suraj/stdf_db/missing'\'' makeinfo'
MKDIR_P='/usr/bin/mkdir -p'
OBJEXT='o'
PACKAGE='stdf_db'
PACKAGE_BUGREPORT='suraj.vijayan1966@gmail.com'
PACKAGE_NAME='stdf_db'
PACKAGE_STRING='stdf_db 1.0'
PACKAGE_TARNAME='stdf_db'
PACKAGE_URL=''
PACKAGE_VERSION='1.0'
PATH_SEPARATOR=':'
SET_MAKE=''
SHELL='/bin/bash'
STRIP=''
VERSION='1.0'
ac_ct_CC='gcc'
ac_ct_CXX='g++'
am__EXEEXT_FALSE=''
am__EXEEXT_TRUE='#'
am__fastdepCC_FALSE='#'
am__fastdepCC_TRUE=''
am__fastdepCXX_FALSE='#'
am__fastdepCXX_TRUE=''
am__include='include'
am__isrc=''
am__leading_dot='.'
am__nodep='_no'
am__quote=''
am__rm_f_notfound=''
am__tar='$${TAR-tar} chof - "$$tardir"'
am__untar='$${TAR-tar} xf -'
am__xargs_n='xargs -n'
bindir='${exec_prefix}/bin'
build_alias=''
datadir='${datarootdir}'
datarootdir='${prefix}/share'
docdir='${datarootdir}/doc/${PACKAGE_TARNAME}'
dvidir='${docdir}'
exec_prefix='${prefix}'
host_alias=''
htmldir='${docdir}'
includedir='${prefix}/include'
infodir='${datarootdir}/info'
install_sh='${SHELL} /home/suraj/stdf_db/install-sh'
libdir='${exec_prefix}/lib'
libexecdir='${exec_prefix}/libexec'
localedir='${datarootdir}/locale'
localstatedir='${prefix}/var'
mandir='${datarootdir}/man'
mkdir_p='$(MKDIR_P)'
oldincludedir='/usr/include'
pdfdir='${docdir}'
prefix='/usr/local'
program_transform_name='s,x,x,'
psdir='${docdir}'
runstatedir='${localstatedir}/run'
sbindir='${exec_prefix}/sbin'
sharedstatedir='${prefix}/com'
sysconfdir='${prefix}/etc'
target_alias=''

## ----------- ##
## confdefs.h. ##
## ----------- ##

/* confdefs.h */
#define PACKAGE_NAME "stdf_db"
#define PACKAGE_TARNAME "stdf_db"
#define PACKAGE_VERSION "1.0"
#define PACKAGE_STRING "stdf_db 1.0"
#define PACKAGE_BUGREPORT "suraj.vijayan1966@gmail.com"
#define PACKAGE_URL ""
#define PACKAGE "stdf_db"
#define VERSION "1.0"
#define HAVE_LIBMYSQLCPPCONN 1
#define HAVE_LIBSTDF 1
#define HAVE_LIBCONFIG__ 1
#define HAVE_LIBCRYPTO 1
#define HAVE_LIBPTHREAD 1

configure: exit 0
